<?xml version="1.0" encoding="UTF-8"?>
<!-- Generated by org.testng.reporters.JUnitXMLReporter -->
<testsuite ignored="7" hostname="DESKTOP-S198B29" failures="0" tests="1" name="ifinish" time="12.343" errors="0" timestamp="2024-11-29T14:53:03 IST">
  <testcase classname="TestCases.LoginPage" name="invaliduservalidpassword" time="5.019"/>
  <testcase classname="BaseTest.BaseTestifinish" name="@BeforeTest getExtentReportObject" time="0.0">
    <ignored/>
  </testcase> <!-- @BeforeTest getExtentReportObject -->
  <testcase classname="BaseTest.BaseTestifinish" name="@BeforeTest getExtentReportObject" time="0.0">
    <ignored/>
  </testcase> <!-- @BeforeTest getExtentReportObject -->
  <testcase classname="TestCases.PaymentSummaryPage" name="razorpay" time="0.0">
    <ignored/>
  </testcase> <!-- razorpay -->
  <testcase classname="BaseTest.BaseTestifinish" name="@BeforeTest getExtentReportObject" time="0.0">
    <ignored/>
  </testcase> <!-- @BeforeTest getExtentReportObject -->
  <testcase classname="BaseTest.BaseTestifinish" name="@BeforeTest getExtentReportObject" time="0.0">
    <ignored/>
  </testcase> <!-- @BeforeTest getExtentReportObject -->
  <testcase classname="BaseTest.BaseTestifinish" name="@BeforeTest getExtentReportObject" time="0.0">
    <ignored/>
  </testcase> <!-- @BeforeTest getExtentReportObject -->
  <testcase classname="TestCases.LoginPage" name="practice" time="0.0">
    <ignored/>
  </testcase> <!-- practice -->
</testsuite> <!-- ifinish -->
