<?xml version="1.0" encoding="UTF-8"?>
<!-- Generated by org.testng.reporters.JUnitXMLReporter -->
<testsuite ignored="2" hostname="DESKTOP-S198B29" failures="3" tests="63" name="ifinish2practice" time="1280.204" errors="0" timestamp="2024-11-07T11:07:52 IST">
  <testcase classname="TestCases.LoginPage" name="invaliduservalidpassword" time="5.43"/>
  <testcase classname="TestCases.LoginPage" name="submitbuttonwithnodata" time="4.789"/>
  <testcase classname="TestCases.LoginPage" name="submitwithblankpassword" time="5.265"/>
  <testcase classname="TestCases.LoginPage" name="submitwithblankusername" time="5.074"/>
  <testcase classname="TestCases.LoginPage" name="submitwithinvaliddata" time="5.496"/>
  <testcase classname="TestCases.LoginPage" name="submitwithvaliddata" time="6.173"/>
  <testcase classname="TestCases.LoginPage" name="validuserinvalidpassword" time="5.053"/>
  <testcase classname="TestCases.ForgotPasswordPage" name="closeforgotpassword" time="5.068"/>
  <testcase classname="TestCases.ForgotPasswordPage" name="forgotpassword" time="4.818"/>
  <testcase classname="TestCases.ForgotPasswordPage" name="notregemailforgotpassword" time="4.98"/>
  <testcase classname="TestCases.ForgotPasswordPage" name="regemailforgotpassword" time="5.309"/>
  <testcase classname="TestCases.ForgotPasswordPage" name="submitwithoutemailforgotpassword" time="4.888"/>
  <testcase classname="TestCases.MarathonSelectionPage" name="addmarathon" time="14.474"/>
  <testcase classname="TestCases.MarathonSelectionPage" name="checkpriceoncardmarathon" time="12.449"/>
  <testcase classname="TestCases.MarathonSelectionPage" name="checkpricetotalcardmarathon" time="14.354"/>
  <testcase classname="TestCases.MarathonSelectionPage" name="eventselection" time="11.853"/>
  <testcase classname="TestCases.MarathonSelectionPage" name="marathonselectiontext" time="13.417"/>
  <testcase classname="TestCases.MarathonSelectionPage" name="maxmarathoncount" time="15.204"/>
  <testcase classname="TestCases.MarathonSelectionPage" name="minmarathoncount" time="16.315"/>
  <testcase classname="TestCases.MarathonSelectionPage" name="proceedmarathon" time="14.573"/>
  <testcase classname="TestCases.MarathonSelectionPage" name="regcountcomparison" time="14.683"/>
  <testcase classname="TestCases.MarathonSelectionPage" name="selectmarathoncount" time="14.494"/>
  <testcase classname="TestCases.AddParticipantsPage" name="addparticipantclosebutton" time="15.958"/>
  <testcase classname="TestCases.AddParticipantsPage" name="addparticipantcloseicon" time="16.027"/>
  <testcase classname="TestCases.AddParticipantsPage" name="addparticipantno" time="24.959"/>
  <testcase classname="TestCases.AddParticipantsPage" name="addparticipantyes" time="22.113"/>
  <testcase classname="TestCases.AddParticipantsPage" name="participantcountafteraddno" time="25.144"/>
  <testcase classname="TestCases.AddParticipantsPage" name="participantcountafteraddyes" time="22.658"/>
  <testcase classname="TestCases.AddParticipantsPage" name="participantcountbeforeadd" time="17.358"/>
  <testcase classname="TestCases.AddParticipantsPage" name="withoutdataclickingno" time="13.174"/>
  <testcase classname="TestCases.AddParticipantsPage" name="withoutnewdataclickingyes" time="13.258"/>
  <testcase classname="TestCases.ParticipantsEditDeletePage" name="closeeditparticipants" time="25.386"/>
  <testcase classname="TestCases.ParticipantsEditDeletePage" name="deleteparticipants" time="26.016"/>
  <testcase classname="TestCases.ParticipantsEditDeletePage" name="editArea" time="24.842"/>
  <testcase classname="TestCases.ParticipantsEditDeletePage" name="editbloodgroup" time="24.601"/>
  <testcase classname="TestCases.ParticipantsEditDeletePage" name="editcountry" time="24.517"/>
  <testcase classname="TestCases.ParticipantsEditDeletePage" name="editdob" time="24.688"/>
  <testcase classname="TestCases.ParticipantsEditDeletePage" name="editemail" time="27.074">
    <failure type="org.openqa.selenium.NoSuchElementException" message="no such element: Unable to locate element: {&amp;quot;method&amp;quot;:&amp;quot;xpath&amp;quot;,&amp;quot;selector&amp;quot;:&amp;quot;//button[normalize-space()=&amp;apos;Edit&amp;apos;]&amp;quot;}
  (Session info: chrome=130.0.6723.92)
For documentation on this error, please visit: https://www.selenium.dev/documentation/webdriver/troubleshooting/errors#no-such-element-exception
Build info: version: &amp;apos;4.26.0&amp;apos;, revision: &amp;apos;8ccf0219d7&amp;apos;
System info: os.name: &amp;apos;Windows 10&amp;apos;, os.arch: &amp;apos;amd64&amp;apos;, os.version: &amp;apos;10.0&amp;apos;, java.version: &amp;apos;17.0.11&amp;apos;
Driver info: org.openqa.selenium.chrome.ChromeDriver
Command: [bb0700d957f9adfb5eb98757e8349c56, findElement {using=xpath, value=//button[normalize-space()=&amp;apos;Edit&amp;apos;]}]
Capabilities {acceptInsecureCerts: false, browserName: chrome, browserVersion: 130.0.6723.92, chrome: {chromedriverVersion: 130.0.6723.93 (dbcf0550c05e..., userDataDir: C:\Users\TTIPL\AppData\Loca...}, fedcm:accounts: true, goog:chromeOptions: {debuggerAddress: localhost:56673}, networkConnectionEnabled: false, pageLoadStrategy: normal, platformName: windows, proxy: Proxy(), se:cdp: ws://localhost:56673/devtoo..., se:cdpVersion: 130.0.6723.92, setWindowRect: true, strictFileInteractability: false, timeouts: {implicit: 0, pageLoad: 300000, script: 30000}, unhandledPromptBehavior: dismiss and notify, webauthn:extension:credBlob: true, webauthn:extension:largeBlob: true, webauthn:extension:minPinLength: true, webauthn:extension:prf: true, webauthn:virtualAuthenticators: true}
Session ID: bb0700d957f9adfb5eb98757e8349c56">
      <![CDATA[org.openqa.selenium.NoSuchElementException: no such element: Unable to locate element: {"method":"xpath","selector":"//button[normalize-space()='Edit']"}
  (Session info: chrome=130.0.6723.92)
For documentation on this error, please visit: https://www.selenium.dev/documentation/webdriver/troubleshooting/errors#no-such-element-exception
Build info: version: '4.26.0', revision: '8ccf0219d7'
System info: os.name: 'Windows 10', os.arch: 'amd64', os.version: '10.0', java.version: '17.0.11'
Driver info: org.openqa.selenium.chrome.ChromeDriver
Command: [bb0700d957f9adfb5eb98757e8349c56, findElement {using=xpath, value=//button[normalize-space()='Edit']}]
Capabilities {acceptInsecureCerts: false, browserName: chrome, browserVersion: 130.0.6723.92, chrome: {chromedriverVersion: 130.0.6723.93 (dbcf0550c05e..., userDataDir: C:\Users\TTIPL\AppData\Loca...}, fedcm:accounts: true, goog:chromeOptions: {debuggerAddress: localhost:56673}, networkConnectionEnabled: false, pageLoadStrategy: normal, platformName: windows, proxy: Proxy(), se:cdp: ws://localhost:56673/devtoo..., se:cdpVersion: 130.0.6723.92, setWindowRect: true, strictFileInteractability: false, timeouts: {implicit: 0, pageLoad: 300000, script: 30000}, unhandledPromptBehavior: dismiss and notify, webauthn:extension:credBlob: true, webauthn:extension:largeBlob: true, webauthn:extension:minPinLength: true, webauthn:extension:prf: true, webauthn:virtualAuthenticators: true}
Session ID: bb0700d957f9adfb5eb98757e8349c56
at org.openqa.selenium.remote.ErrorCodec.decode(ErrorCodec.java:167)
at org.openqa.selenium.remote.codec.w3c.W3CHttpResponseCodec.decode(W3CHttpResponseCodec.java:138)
at org.openqa.selenium.remote.codec.w3c.W3CHttpResponseCodec.decode(W3CHttpResponseCodec.java:50)
at org.openqa.selenium.remote.HttpCommandExecutor.execute(HttpCommandExecutor.java:190)
at org.openqa.selenium.remote.service.DriverCommandExecutor.invokeExecute(DriverCommandExecutor.java:216)
at org.openqa.selenium.remote.service.DriverCommandExecutor.execute(DriverCommandExecutor.java:174)
at org.openqa.selenium.remote.RemoteWebDriver.execute(RemoteWebDriver.java:545)
at org.openqa.selenium.remote.ElementLocation$ElementFinder$2.findElement(ElementLocation.java:165)
at org.openqa.selenium.remote.ElementLocation.findElement(ElementLocation.java:59)
at org.openqa.selenium.remote.RemoteWebDriver.findElement(RemoteWebDriver.java:368)
at org.openqa.selenium.remote.RemoteWebDriver.findElement(RemoteWebDriver.java:362)
at BaseTest.BaseTestifinish.editparticipantsreusbale(BaseTestifinish.java:155)
at TestCases.ParticipantsEditDeletePage.editemail(ParticipantsEditDeletePage.java:44)
at java.base/java.util.ArrayList.forEach(ArrayList.java:1511)
... Removed 32 stack frames]]>
    </failure>
  </testcase> <!-- editemail -->
  <testcase classname="TestCases.ParticipantsEditDeletePage" name="editfirstname" time="24.842"/>
  <testcase classname="TestCases.ParticipantsEditDeletePage" name="editgender" time="19.991">
    <failure type="org.openqa.selenium.NoSuchElementException" message="no such element: Unable to locate element: {&amp;quot;method&amp;quot;:&amp;quot;xpath&amp;quot;,&amp;quot;selector&amp;quot;:&amp;quot;(//input[@id=&amp;apos;Are You filling for self?&amp;apos;])[1]&amp;quot;}
  (Session info: chrome=130.0.6723.92)
For documentation on this error, please visit: https://www.selenium.dev/documentation/webdriver/troubleshooting/errors#no-such-element-exception
Build info: version: &amp;apos;4.26.0&amp;apos;, revision: &amp;apos;8ccf0219d7&amp;apos;
System info: os.name: &amp;apos;Windows 10&amp;apos;, os.arch: &amp;apos;amd64&amp;apos;, os.version: &amp;apos;10.0&amp;apos;, java.version: &amp;apos;17.0.11&amp;apos;
Driver info: org.openqa.selenium.chrome.ChromeDriver
Command: [42b3f949d9099638d7d5d5cdbd63cc13, findElement {using=xpath, value=(//input[@id=&amp;apos;Are You filling for self?&amp;apos;])[1]}]
Capabilities {acceptInsecureCerts: false, browserName: chrome, browserVersion: 130.0.6723.92, chrome: {chromedriverVersion: 130.0.6723.93 (dbcf0550c05e..., userDataDir: C:\Users\TTIPL\AppData\Loca...}, fedcm:accounts: true, goog:chromeOptions: {debuggerAddress: localhost:56795}, networkConnectionEnabled: false, pageLoadStrategy: normal, platformName: windows, proxy: Proxy(), se:cdp: ws://localhost:56795/devtoo..., se:cdpVersion: 130.0.6723.92, setWindowRect: true, strictFileInteractability: false, timeouts: {implicit: 0, pageLoad: 300000, script: 30000}, unhandledPromptBehavior: dismiss and notify, webauthn:extension:credBlob: true, webauthn:extension:largeBlob: true, webauthn:extension:minPinLength: true, webauthn:extension:prf: true, webauthn:virtualAuthenticators: true}
Session ID: 42b3f949d9099638d7d5d5cdbd63cc13">
      <![CDATA[org.openqa.selenium.NoSuchElementException: no such element: Unable to locate element: {"method":"xpath","selector":"(//input[@id='Are You filling for self?'])[1]"}
  (Session info: chrome=130.0.6723.92)
For documentation on this error, please visit: https://www.selenium.dev/documentation/webdriver/troubleshooting/errors#no-such-element-exception
Build info: version: '4.26.0', revision: '8ccf0219d7'
System info: os.name: 'Windows 10', os.arch: 'amd64', os.version: '10.0', java.version: '17.0.11'
Driver info: org.openqa.selenium.chrome.ChromeDriver
Command: [42b3f949d9099638d7d5d5cdbd63cc13, findElement {using=xpath, value=(//input[@id='Are You filling for self?'])[1]}]
Capabilities {acceptInsecureCerts: false, browserName: chrome, browserVersion: 130.0.6723.92, chrome: {chromedriverVersion: 130.0.6723.93 (dbcf0550c05e..., userDataDir: C:\Users\TTIPL\AppData\Loca...}, fedcm:accounts: true, goog:chromeOptions: {debuggerAddress: localhost:56795}, networkConnectionEnabled: false, pageLoadStrategy: normal, platformName: windows, proxy: Proxy(), se:cdp: ws://localhost:56795/devtoo..., se:cdpVersion: 130.0.6723.92, setWindowRect: true, strictFileInteractability: false, timeouts: {implicit: 0, pageLoad: 300000, script: 30000}, unhandledPromptBehavior: dismiss and notify, webauthn:extension:credBlob: true, webauthn:extension:largeBlob: true, webauthn:extension:minPinLength: true, webauthn:extension:prf: true, webauthn:virtualAuthenticators: true}
Session ID: 42b3f949d9099638d7d5d5cdbd63cc13
at org.openqa.selenium.remote.ErrorCodec.decode(ErrorCodec.java:167)
at org.openqa.selenium.remote.codec.w3c.W3CHttpResponseCodec.decode(W3CHttpResponseCodec.java:138)
at org.openqa.selenium.remote.codec.w3c.W3CHttpResponseCodec.decode(W3CHttpResponseCodec.java:50)
at org.openqa.selenium.remote.HttpCommandExecutor.execute(HttpCommandExecutor.java:190)
at org.openqa.selenium.remote.service.DriverCommandExecutor.invokeExecute(DriverCommandExecutor.java:216)
at org.openqa.selenium.remote.service.DriverCommandExecutor.execute(DriverCommandExecutor.java:174)
at org.openqa.selenium.remote.RemoteWebDriver.execute(RemoteWebDriver.java:545)
at org.openqa.selenium.remote.ElementLocation$ElementFinder$2.findElement(ElementLocation.java:165)
at org.openqa.selenium.remote.ElementLocation.findElement(ElementLocation.java:59)
at org.openqa.selenium.remote.RemoteWebDriver.findElement(RemoteWebDriver.java:368)
at org.openqa.selenium.remote.RemoteWebDriver.findElement(RemoteWebDriver.java:362)
at BaseTest.BaseTestifinish.editparticipantsreusbale(BaseTestifinish.java:140)
at TestCases.ParticipantsEditDeletePage.editgender(ParticipantsEditDeletePage.java:57)
at java.base/java.util.ArrayList.forEach(ArrayList.java:1511)
... Removed 32 stack frames]]>
    </failure>
  </testcase> <!-- editgender -->
  <testcase classname="TestCases.ParticipantsEditDeletePage" name="edithealthhistory" time="27.055">
    <failure type="org.openqa.selenium.NoSuchElementException" message="no such element: Unable to locate element: {&amp;quot;method&amp;quot;:&amp;quot;xpath&amp;quot;,&amp;quot;selector&amp;quot;:&amp;quot;//button[normalize-space()=&amp;apos;Edit&amp;apos;]&amp;quot;}
  (Session info: chrome=130.0.6723.92)
For documentation on this error, please visit: https://www.selenium.dev/documentation/webdriver/troubleshooting/errors#no-such-element-exception
Build info: version: &amp;apos;4.26.0&amp;apos;, revision: &amp;apos;8ccf0219d7&amp;apos;
System info: os.name: &amp;apos;Windows 10&amp;apos;, os.arch: &amp;apos;amd64&amp;apos;, os.version: &amp;apos;10.0&amp;apos;, java.version: &amp;apos;17.0.11&amp;apos;
Driver info: org.openqa.selenium.chrome.ChromeDriver
Command: [54dddcf61c6fb2c74ca5bceb9a63e9c1, findElement {using=xpath, value=//button[normalize-space()=&amp;apos;Edit&amp;apos;]}]
Capabilities {acceptInsecureCerts: false, browserName: chrome, browserVersion: 130.0.6723.92, chrome: {chromedriverVersion: 130.0.6723.93 (dbcf0550c05e..., userDataDir: C:\Users\TTIPL\AppData\Loca...}, fedcm:accounts: true, goog:chromeOptions: {debuggerAddress: localhost:56852}, networkConnectionEnabled: false, pageLoadStrategy: normal, platformName: windows, proxy: Proxy(), se:cdp: ws://localhost:56852/devtoo..., se:cdpVersion: 130.0.6723.92, setWindowRect: true, strictFileInteractability: false, timeouts: {implicit: 0, pageLoad: 300000, script: 30000}, unhandledPromptBehavior: dismiss and notify, webauthn:extension:credBlob: true, webauthn:extension:largeBlob: true, webauthn:extension:minPinLength: true, webauthn:extension:prf: true, webauthn:virtualAuthenticators: true}
Session ID: 54dddcf61c6fb2c74ca5bceb9a63e9c1">
      <![CDATA[org.openqa.selenium.NoSuchElementException: no such element: Unable to locate element: {"method":"xpath","selector":"//button[normalize-space()='Edit']"}
  (Session info: chrome=130.0.6723.92)
For documentation on this error, please visit: https://www.selenium.dev/documentation/webdriver/troubleshooting/errors#no-such-element-exception
Build info: version: '4.26.0', revision: '8ccf0219d7'
System info: os.name: 'Windows 10', os.arch: 'amd64', os.version: '10.0', java.version: '17.0.11'
Driver info: org.openqa.selenium.chrome.ChromeDriver
Command: [54dddcf61c6fb2c74ca5bceb9a63e9c1, findElement {using=xpath, value=//button[normalize-space()='Edit']}]
Capabilities {acceptInsecureCerts: false, browserName: chrome, browserVersion: 130.0.6723.92, chrome: {chromedriverVersion: 130.0.6723.93 (dbcf0550c05e..., userDataDir: C:\Users\TTIPL\AppData\Loca...}, fedcm:accounts: true, goog:chromeOptions: {debuggerAddress: localhost:56852}, networkConnectionEnabled: false, pageLoadStrategy: normal, platformName: windows, proxy: Proxy(), se:cdp: ws://localhost:56852/devtoo..., se:cdpVersion: 130.0.6723.92, setWindowRect: true, strictFileInteractability: false, timeouts: {implicit: 0, pageLoad: 300000, script: 30000}, unhandledPromptBehavior: dismiss and notify, webauthn:extension:credBlob: true, webauthn:extension:largeBlob: true, webauthn:extension:minPinLength: true, webauthn:extension:prf: true, webauthn:virtualAuthenticators: true}
Session ID: 54dddcf61c6fb2c74ca5bceb9a63e9c1
at org.openqa.selenium.remote.ErrorCodec.decode(ErrorCodec.java:167)
at org.openqa.selenium.remote.codec.w3c.W3CHttpResponseCodec.decode(W3CHttpResponseCodec.java:138)
at org.openqa.selenium.remote.codec.w3c.W3CHttpResponseCodec.decode(W3CHttpResponseCodec.java:50)
at org.openqa.selenium.remote.HttpCommandExecutor.execute(HttpCommandExecutor.java:190)
at org.openqa.selenium.remote.service.DriverCommandExecutor.invokeExecute(DriverCommandExecutor.java:216)
at org.openqa.selenium.remote.service.DriverCommandExecutor.execute(DriverCommandExecutor.java:174)
at org.openqa.selenium.remote.RemoteWebDriver.execute(RemoteWebDriver.java:545)
at org.openqa.selenium.remote.ElementLocation$ElementFinder$2.findElement(ElementLocation.java:165)
at org.openqa.selenium.remote.ElementLocation.findElement(ElementLocation.java:59)
at org.openqa.selenium.remote.RemoteWebDriver.findElement(RemoteWebDriver.java:368)
at org.openqa.selenium.remote.RemoteWebDriver.findElement(RemoteWebDriver.java:362)
at BaseTest.BaseTestifinish.editparticipantsreusbale(BaseTestifinish.java:155)
at TestCases.ParticipantsEditDeletePage.edithealthhistory(ParticipantsEditDeletePage.java:237)
at java.base/java.util.ArrayList.forEach(ArrayList.java:1511)
... Removed 32 stack frames]]>
    </failure>
  </testcase> <!-- edithealthhistory -->
  <testcase classname="TestCases.ParticipantsEditDeletePage" name="editidproof" time="24.348"/>
  <testcase classname="TestCases.ParticipantsEditDeletePage" name="editlastname" time="24.345"/>
  <testcase classname="TestCases.ParticipantsEditDeletePage" name="editmobilenumber" time="24.319"/>
  <testcase classname="TestCases.ParticipantsEditDeletePage" name="editnationality" time="24.258"/>
  <testcase classname="TestCases.ParticipantsEditDeletePage" name="editparticipants" time="23.869"/>
  <testcase classname="TestCases.ParticipantsEditDeletePage" name="editphychallenged" time="24.236"/>
  <testcase classname="TestCases.ParticipantsEditDeletePage" name="editpincode" time="24.967"/>
  <testcase classname="TestCases.ParticipantsEditDeletePage" name="editstate" time="23.14"/>
  <testcase classname="TestCases.ParticipantsEditDeletePage" name="editstreetaddress" time="22.255"/>
  <testcase classname="TestCases.ParticipantsEditDeletePage" name="edittshirtsize" time="24.046"/>
  <testcase classname="TestCases.PaymentSummaryPage" name="ifinishtermsconditions" time="23.135"/>
  <testcase classname="TestCases.PaymentSummaryPage" name="ifinishtermsconditionsclose" time="23.611"/>
  <testcase classname="TestCases.PaymentSummaryPage" name="orgtermsconditions" time="22.933"/>
  <testcase classname="TestCases.PaymentSummaryPage" name="orgtermsconditionsclose" time="24.712"/>
  <testcase classname="TestCases.PaymentSummaryPage" name="previousbutton" time="23.645"/>
  <testcase classname="TestCases.PaymentSummaryPage" name="pricecheck" time="22.959"/>
  <testcase classname="TestCases.PaymentSummaryPage" name="proceedpaymentbutton" time="21.406"/>
  <testcase classname="TestCases.PaymentSummaryPage" name="proceedpaymentbuttonbothterms" time="22.078"/>
  <testcase classname="TestCases.PaymentSummaryPage" name="proceedpaymentbuttonterms1" time="23.786"/>
  <testcase classname="TestCases.PaymentSummaryPage" name="proceedpaymentbuttonterms2" time="22.26"/>
  <testcase classname="TestCases.PaymentSummaryPage" name="registerbutton" time="21.536"/>
  <testcase classname="TestCases.PaymentSummaryPage" name="viewdetails" time="23.376"/>
  <testcase classname="TestCases.LoginPage" name="practice" time="0.0">
    <ignored/>
  </testcase> <!-- practice -->
  <testcase classname="TestCases.PaymentSummaryPage" name="razorpay" time="0.0">
    <ignored/>
  </testcase> <!-- razorpay -->
</testsuite> <!-- ifinish2practice -->
