<?xml version="1.0" encoding="UTF-8"?>
<!-- Generated by org.testng.reporters.JUnitXMLReporter -->
<testsuite ignored="0" hostname="DESKTOP-S198B29" failures="1" tests="1" name="NPA" time="0.052" errors="0" timestamp="2024-09-12T11:21:26 IST">
  <testcase classname="Tests.UPPRPB" name="upprbtestmethod" time="0.007">
    <failure type="java.lang.NullPointerException" message="Cannot invoke &amp;quot;org.openqa.selenium.WebDriver.manage()&amp;quot; because &amp;quot;Tests.UPPRPB.driver&amp;quot; is null">
      <![CDATA[java.lang.NullPointerException: Cannot invoke "org.openqa.selenium.WebDriver.manage()" because "Tests.UPPRPB.driver" is null
at Tests.UPPRPB.upprbtestmethod(UPPRPB.java:20)
at java.base/java.util.ArrayList.forEach(ArrayList.java:1511)
... Removed 27 stack frames]]>
    </failure>
  </testcase> <!-- upprbtestmethod -->
</testsuite> <!-- NPA -->
