<?xml version="1.0" encoding="UTF-8"?>
<!-- Generated by org.testng.reporters.JUnitXMLReporter -->
<testsuite ignored="4" hostname="DESKTOP-S198B29" failures="0" tests="1" name="NPA2" time="0.007" errors="0" timestamp="2024-09-10T16:12:51 IST">
  <testcase classname="Tests.xmlpractice2" name="testcase2" time="0.001"/>
  <testcase classname="Tests.xmlpractice2" name="testcase3" time="0.0">
    <ignored/>
  </testcase> <!-- testcase3 -->
  <testcase classname="Tests.xmlpractice2" name="testcase4" time="0.0">
    <ignored/>
  </testcase> <!-- testcase4 -->
  <testcase classname="Tests.xmlpractice2" name="testcase5" time="0.0">
    <ignored/>
  </testcase> <!-- testcase5 -->
  <testcase classname="Tests.xmlpractice2" name="xmlmethod" time="0.0">
    <ignored/>
  </testcase> <!-- xmlmethod -->
</testsuite> <!-- NPA2 -->
