<?xml version="1.0" encoding="UTF-8"?>
<!-- Generated by org.testng.reporters.JUnitReportReporter -->
<testsuite hostname="DESKTOP-S198B29" failures="0" tests="8" name="Test.xmlpractice2" time="0.029" errors="0" timestamp="2024-08-07T15:30:50 IST" skipped="0">
  <testcase classname="Test.xmlpractice2" name="testcase2" time="0.002"/>
  <testcase classname="Test.xmlpractice2" name="testcase5" time="0.003"/>
  <testcase classname="Test.xmlpractice2" name="xmlmethod" time="0.003"/>
  <testcase classname="Test.xmlpractice2" name="testcase3" time="0.004"/>
  <testcase classname="Test.xmlpractice2" name="testcase4" time="0.009"/>
  <testcase classname="Test.xmlpractice2" name="testmethod" time="0.002"/>
  <testcase classname="Test.xmlpractice2" name="testdataprovider" time="0.003"/>
  <testcase classname="Test.xmlpractice2" name="testdataprovider" time="0.003"/>
</testsuite> <!-- Test.xmlpractice2 -->
