<?xml version="1.0" encoding="UTF-8"?>
<!-- Generated by org.testng.reporters.JUnitReportReporter -->
<testsuite hostname="DESKTOP-S198B29" failures="0" tests="10" name="TestCases.MarathonSelectionPage" time="173.437" errors="0" timestamp="2024-11-18T12:52:26 IST" skipped="0">
  <testcase classname="TestCases.MarathonSelectionPage" name="marathonselectiontext" time="16.659"/>
  <testcase classname="TestCases.MarathonSelectionPage" name="regcountcomparison" time="17.436"/>
  <testcase classname="TestCases.MarathonSelectionPage" name="minmarathoncount" time="21.378"/>
  <testcase classname="TestCases.MarathonSelectionPage" name="proceedmarathon" time="16.505"/>
  <testcase classname="TestCases.MarathonSelectionPage" name="addmarathon" time="16.689"/>
  <testcase classname="TestCases.MarathonSelectionPage" name="checkpriceoncardmarathon" time="15.840"/>
  <testcase classname="TestCases.MarathonSelectionPage" name="maxmarathoncount" time="21.458"/>
  <testcase classname="TestCases.MarathonSelectionPage" name="checkpricetotalcardmarathon" time="16.591"/>
  <testcase classname="TestCases.MarathonSelectionPage" name="eventselection" time="14.372"/>
  <testcase classname="TestCases.MarathonSelectionPage" name="selectmarathoncount" time="16.509"/>
</testsuite> <!-- TestCases.MarathonSelectionPage -->
