<?xml version="1.0" encoding="UTF-8"?>
<!-- Generated by org.testng.reporters.JUnitReportReporter -->
<testsuite hostname="DESKTOP-S198B29" failures="0" tests="4" name="Tests.Testclass" time="31.822" errors="0" timestamp="2024-09-18T10:12:55 IST" skipped="0">
  <testcase classname="Tests.Testclass" name="testmethod" time="7.025"/>
  <testcase classname="Tests.Testclass" name="testmethod2" time="7.015"/>
  <testcase classname="Tests.Testclass" name="testmethod3" time="8.000"/>
  <testcase classname="Tests.Testclass" name="testmethod4" time="9.782"/>
</testsuite> <!-- Tests.Testclass -->
