<?xml version="1.0" encoding="UTF-8"?>
<!-- Generated by org.testng.reporters.JUnitReportReporter -->
<testsuite hostname="DESKTOP-S198B29" failures="0" tests="15" name="TestCases.PaymentSummaryPage" time="419.951" errors="0" timestamp="2024-11-18T12:52:26 IST" skipped="1">
  <testcase classname="TestCases.PaymentSummaryPage" name="ifinishtermsconditionsrefund" time="30.492"/>
  <testcase classname="TestCases.PaymentSummaryPage" name="proceedpaymentbutton" time="31.600"/>
  <testcase classname="TestCases.PaymentSummaryPage" name="registerbutton" time="28.738"/>
  <testcase classname="TestCases.PaymentSummaryPage" name="proceedpaymentbuttonbothterms" time="29.008"/>
  <testcase classname="TestCases.PaymentSummaryPage" name="proceedpaymentbuttonterms2" time="28.980"/>
  <testcase classname="TestCases.PaymentSummaryPage" name="ifinishtermsconditionspp" time="29.841"/>
  <testcase classname="TestCases.PaymentSummaryPage" name="ifinishtermsconditionstc" time="32.223"/>
  <testcase classname="TestCases.PaymentSummaryPage" name="orgtermsconditionsclose" time="31.051"/>
  <testcase classname="TestCases.PaymentSummaryPage" name="viewdetails" time="29.247"/>
  <testcase classname="TestCases.PaymentSummaryPage" name="pricecheck" time="28.556"/>
  <testcase classname="TestCases.PaymentSummaryPage" name="ifinishtermsconditionsclose" time="33.944"/>
  <testcase classname="TestCases.PaymentSummaryPage" name="proceedpaymentbuttonterms1" time="28.120"/>
  <testcase classname="TestCases.PaymentSummaryPage" name="orgtermsconditions" time="29.251"/>
  <testcase classname="TestCases.PaymentSummaryPage" name="previousbutton" time="28.900"/>
  <testcase classname="TestCases.PaymentSummaryPage" name="razorpay">
    <skipped/>
  </testcase> <!-- razorpay -->
</testsuite> <!-- TestCases.PaymentSummaryPage -->
