<?xml version="1.0" encoding="UTF-8"?>
<!-- Generated by org.testng.reporters.JUnitReportReporter -->
<testsuite hostname="DESKTOP-S198B29" failures="0" tests="3" name="Tests.javaconcepts" time="0.042" errors="0" timestamp="2024-09-13T11:59:24 IST" skipped="0">
  <testcase classname="Tests.javaconcepts" name="randomconceptsmethod" time="0.004"/>
  <testcase classname="Tests.javaconcepts" name="randomconceptsmethod" time="0.035"/>
  <testcase classname="Tests.javaconcepts" name="randomconceptsmethod" time="0.003"/>
</testsuite> <!-- Tests.javaconcepts -->
