<?xml version="1.0" encoding="UTF-8"?>
<!-- Generated by org.testng.reporters.JUnitReportReporter -->
<testsuite hostname="DESKTOP-S198B29" failures="0" tests="3" name="Tests.xmlpractice" time="0.010" errors="0" timestamp="2024-09-18T10:14:51 IST" skipped="1">
  <testcase classname="Tests.xmlpractice" name="testdataprovider" time="0.006"/>
  <testcase classname="Tests.xmlpractice" name="testdataprovider" time="0.004"/>
  <testcase classname="Tests.xmlpractice" name="testmethod3">
    <skipped/>
  </testcase> <!-- testmethod3 -->
</testsuite> <!-- Tests.xmlpractice -->
