<?xml version="1.0" encoding="UTF-8"?>
<!-- Generated by org.testng.reporters.JUnitReportReporter -->
<testsuite hostname="DESKTOP-S198B29" failures="0" tests="3" name="Test.xmlpractice" time="0.008" errors="0" timestamp="2024-08-06T10:20:59 IST" skipped="1">
  <testcase classname="Test.xmlpractice" name="testdataprovider" time="0.006"/>
  <testcase classname="Test.xmlpractice" name="testdataprovider" time="0.002"/>
  <testcase classname="Test.xmlpractice" name="testmethod3">
    <skipped/>
  </testcase> <!-- testmethod3 -->
</testsuite> <!-- Test.xmlpractice -->
