<?xml version="1.0" encoding="UTF-8"?>
<!-- Generated by org.testng.reporters.JUnitReportReporter -->
<testsuite hostname="DESKTOP-S198B29" failures="0" tests="5" name="TestCases.ForgotPasswordPage" time="35.159" errors="0" timestamp="2024-11-18T12:52:26 IST" skipped="0">
  <testcase classname="TestCases.ForgotPasswordPage" name="submitwithoutemailforgotpassword" time="7.075"/>
  <testcase classname="TestCases.ForgotPasswordPage" name="forgotpassword" time="6.716"/>
  <testcase classname="TestCases.ForgotPasswordPage" name="closeforgotpassword" time="6.637"/>
  <testcase classname="TestCases.ForgotPasswordPage" name="notregemailforgotpassword" time="7.718"/>
  <testcase classname="TestCases.ForgotPasswordPage" name="regemailforgotpassword" time="7.013"/>
</testsuite> <!-- TestCases.ForgotPasswordPage -->
